07:25:11 ControllerMethods/Matching/getPotentialMentors.js ERROR: User--reecekidd:  is attempting to get potential mentors with request: {"userID":"5a9f914f4fc52a64e0414de5","userName":"reecekidd","sortType":"undefined"}

07:25:11 ControllerMethods/Matching/getPotentialMentors.js ERROR: User--reecekidd: No potential mentors where found

07:26:45 ControllerMethods/Matching/getPotentialMentors.js ERROR: User--reecekidd:  is attempting to get potential mentors with request: {"userID":"5a9f914f4fc52a64e0414de5","userName":"reecekidd","sortType":"undefined"}

07:26:46 ControllerMethods/Matching/getPotentialMentors.js ERROR: User--reecekidd: Number of potential mentors: 22

07:26:46 ControllerMethods/Matching/getPotentialMentors.js ERROR: User--reecekidd: reecekidd has both online and in person as options

07:26:46 ControllerMethods/Matching/getPotentialMentors.js ERROR: User--reecekidd: Potential mentor: DedieSteorts71 has been added to the in person list of mentors.

07:26:46 ControllerMethods/Matching/getPotentialMentors.js ERROR: User--reecekidd: reecekidd has both online and in person as options

07:26:46 ControllerMethods/Matching/getPotentialMentors.js ERROR: User--reecekidd: Potential mentor: GriseldaHavemeier31 has been added to the in person list of mentors.

07:26:46 ControllerMethods/Matching/getPotentialMentors.js ERROR: User--reecekidd: reecekidd has both online and in person as options

07:26:46 ControllerMethods/Matching/getPotentialMentors.js ERROR: User--reecekidd: Potential mentor: JudyDoerksen61 has been added to the online list of mentors.

07:26:46 ControllerMethods/Matching/getPotentialMentors.js ERROR: User--reecekidd: reecekidd has both online and in person as options

07:26:46 ControllerMethods/Matching/getPotentialMentors.js ERROR: User--reecekidd: Potential mentor: KaronPuyleart81 has been added to the online list of mentors.

07:26:46 ControllerMethods/Matching/getPotentialMentors.js ERROR: User--reecekidd: reecekidd has both online and in person as options

07:26:46 ControllerMethods/Matching/getPotentialMentors.js ERROR: User--reecekidd: Potential mentor: MelisentJaymes91 has been added to the in person list of mentors.

07:26:46 ControllerMethods/Matching/getPotentialMentors.js ERROR: User--reecekidd: reecekidd has both online and in person as options

07:26:46 ControllerMethods/Matching/getPotentialMentors.js ERROR: User--reecekidd: Potential mentor: MichaellaVorheis11 has been added to the in person list of mentors.

07:26:46 ControllerMethods/Matching/getPotentialMentors.js ERROR: User--reecekidd: reecekidd has both online and in person as options

07:26:46 ControllerMethods/Matching/getPotentialMentors.js ERROR: User--reecekidd: Potential mentor: NatashaShumard91 has been added to the online list of mentors.

07:26:46 ControllerMethods/Matching/getPotentialMentors.js ERROR: User--reecekidd: reecekidd has both online and in person as options

07:26:46 ControllerMethods/Matching/getPotentialMentors.js ERROR: User--reecekidd: Potential mentor: OlympieBrockamp51 has been added to the in person list of mentors.

07:26:46 ControllerMethods/Matching/getPotentialMentors.js ERROR: User--reecekidd: reecekidd has both online and in person as options

07:26:46 ControllerMethods/Matching/getPotentialMentors.js ERROR: User--reecekidd: Potential mentor: OneidaShtern61 has been added to the online list of mentors.

07:26:46 ControllerMethods/Matching/getPotentialMentors.js ERROR: User--reecekidd: reecekidd has both online and in person as options

07:26:46 ControllerMethods/Matching/getPotentialMentors.js ERROR: User--reecekidd: Potential mentor: PerlaYanity11 has been added to the in person list of mentors.

07:26:46 ControllerMethods/Matching/getPotentialMentors.js ERROR: User--reecekidd: reecekidd has both online and in person as options

07:26:46 ControllerMethods/Matching/getPotentialMentors.js ERROR: User--reecekidd: Potential mentor: ShawnViltz31 has been added to the in person list of mentors.

07:26:46 ControllerMethods/Matching/getPotentialMentors.js ERROR: User--reecekidd: reecekidd has both online and in person as options

07:26:46 ControllerMethods/Matching/getPotentialMentors.js ERROR: User--reecekidd: Potential mentor: VitiaDurada11 has been added to the online list of mentors.

07:28:48 ControllerMethods/Matching/getPotentialMentors.js ERROR: User--reecekidd:  is attempting to get potential mentors with request: {"userID":"5a9f914f4fc52a64e0414de5","userName":"reecekidd","sortType":"undefined"}

07:28:48 ControllerMethods/Matching/getPotentialMentors.js ERROR: User--reecekidd: Number of potential mentors: 22

07:28:48 ControllerMethods/Matching/getPotentialMentors.js ERROR: User--reecekidd: Potential mentor: DedieSteorts71 has been added to the in person list of mentors.

07:28:48 ControllerMethods/Matching/getPotentialMentors.js ERROR: User--reecekidd: Potential mentor: GriseldaHavemeier31 has been added to the in person list of mentors.

07:28:48 ControllerMethods/Matching/getPotentialMentors.js ERROR: User--reecekidd: Potential mentor: JudyDoerksen61 has been added to the online list of mentors.

07:28:48 ControllerMethods/Matching/getPotentialMentors.js ERROR: User--reecekidd: Potential mentor: KaronPuyleart81 has been added to the online list of mentors.

07:28:48 ControllerMethods/Matching/getPotentialMentors.js ERROR: User--reecekidd: Potential mentor: MelisentJaymes91 has been added to the in person list of mentors.

07:28:48 ControllerMethods/Matching/getPotentialMentors.js ERROR: User--reecekidd: Potential mentor: MichaellaVorheis11 has been added to the in person list of mentors.

07:28:48 ControllerMethods/Matching/getPotentialMentors.js ERROR: User--reecekidd: Potential mentor: NatashaShumard91 has been added to the online list of mentors.

07:28:48 ControllerMethods/Matching/getPotentialMentors.js ERROR: User--reecekidd: Potential mentor: OlympieBrockamp51 has been added to the in person list of mentors.

07:28:48 ControllerMethods/Matching/getPotentialMentors.js ERROR: User--reecekidd: Potential mentor: OneidaShtern61 has been added to the online list of mentors.

07:28:48 ControllerMethods/Matching/getPotentialMentors.js ERROR: User--reecekidd: Potential mentor: PerlaYanity11 has been added to the in person list of mentors.

07:28:48 ControllerMethods/Matching/getPotentialMentors.js ERROR: User--reecekidd: Potential mentor: ShawnViltz31 has been added to the in person list of mentors.

07:28:48 ControllerMethods/Matching/getPotentialMentors.js ERROR: User--reecekidd: Potential mentor: VitiaDurada11 has been added to the online list of mentors.

07:31:15 ControllerMethods/Matching/getPotentialMentors.js ERROR: User--reecekidd:  is attempting to get potential mentors with request: {"userID":"5a9f914f4fc52a64e0414de5","userName":"reecekidd","sortType":"undefined"}

07:31:15 ControllerMethods/Matching/getPotentialMentors.js ERROR: User--reecekidd: Number of potential mentors: 22

07:31:15 ControllerMethods/Matching/getPotentialMentors.js ERROR: User--reecekidd: Potential mentor: DedieSteorts71 has been added to the in person list of mentors.

07:31:15 ControllerMethods/Matching/getPotentialMentors.js ERROR: User--reecekidd: Potential mentor: GriseldaHavemeier31 has been added to the in person list of mentors.

07:31:15 ControllerMethods/Matching/getPotentialMentors.js ERROR: User--reecekidd: Potential mentor: JudyDoerksen61 has been added to the online list of mentors.

07:31:15 ControllerMethods/Matching/getPotentialMentors.js ERROR: User--reecekidd: Potential mentor: KaronPuyleart81 has been added to the online list of mentors.

07:31:15 ControllerMethods/Matching/getPotentialMentors.js ERROR: User--reecekidd: Potential mentor: MelisentJaymes91 has been added to the in person list of mentors.

07:31:15 ControllerMethods/Matching/getPotentialMentors.js ERROR: User--reecekidd: Potential mentor: MichaellaVorheis11 has been added to the in person list of mentors.

07:31:15 ControllerMethods/Matching/getPotentialMentors.js ERROR: User--reecekidd: Potential mentor: NatashaShumard91 has been added to the online list of mentors.

07:31:15 ControllerMethods/Matching/getPotentialMentors.js ERROR: User--reecekidd: Potential mentor: OlympieBrockamp51 has been added to the in person list of mentors.

07:31:15 ControllerMethods/Matching/getPotentialMentors.js ERROR: User--reecekidd: Potential mentor: OneidaShtern61 has been added to the online list of mentors.

07:31:15 ControllerMethods/Matching/getPotentialMentors.js ERROR: User--reecekidd: Potential mentor: PerlaYanity11 has been added to the in person list of mentors.

07:31:15 ControllerMethods/Matching/getPotentialMentors.js ERROR: User--reecekidd: Potential mentor: ShawnViltz31 has been added to the in person list of mentors.

07:31:15 ControllerMethods/Matching/getPotentialMentors.js ERROR: User--reecekidd: Potential mentor: VitiaDurada11 has been added to the online list of mentors.

