20:58:20 ControllerMethods/Register/updateMentorPreferences.js ERROR: mentorPreferences object: {
areasOfInterest: [
  {
    "value": "Yoga",
    "years": 21,
    "areaOfInterestID": 0
  }
]
prefferedMentoringFormats: Online,In person
maximumTravelDistanceKM: 50
languages: English,Spanish,German
prefferedEducation: No education,High School,Certification,Vocational,Bachelors,Masters,PHD
maximumAge: 20
minimumAge: 16
maxNumberOfMentees: 10

20:58:20 ControllerMethods/Register/updateMentorPreferences.js INFO: reecekidd updated mentor preferences successfully: {
  "wouldLikeToMentor": "true",
  "areasOfInterest": [
    {
      "value": "Yoga",
      "years": 21,
      "areaOfInterestID": 0
    }
  ],
  "prefferedMentoringFormats": [
    "Online",
    "In person"
  ],
  "maximumTravelDistanceKM": "50",
  "languages": [
    "English",
    "Spanish",
    "German"
  ],
  "prefferedEducation": [
    "No education",
    "High School",
    "Certification",
    "Vocational",
    "Bachelors",
    "Masters",
    "PHD"
  ],
  "minimumAge": 16,
  "maximumAge": 20,
  "maxNumberOfMentees": 10
}

21:01:09 ControllerMethods/Register/getMentorPreferences.js WARN: 5a8dd4bac1eb0f29ac6a203f attempting to get mentor preferences. req.params:
userID:undefined

21:01:09 ControllerMethods/Register/getMentorPreferences.js WARN: 5a8dd4bac1eb0f29ac6a203f attempting to get mentor preferences. req.params:
userID:undefined

21:01:40 ControllerMethods/Register/getMentorPreferences.js WARN: 5a8dd4bac1eb0f29ac6a203f attempting to get mentor preferences. req.params:
userID:undefined

21:01:40 ControllerMethods/Register/getMentorPreferences.js WARN: 5a8dd4bac1eb0f29ac6a203f attempting to get mentor preferences. req.params:
userID:undefined

21:02:01 ControllerMethods/Register/getMentorPreferences.js WARN: 5a8dd4bac1eb0f29ac6a203f attempting to get mentor preferences. req.params:
userID:undefined

21:02:01 ControllerMethods/Register/getMentorPreferences.js WARN: 5a8dd4bac1eb0f29ac6a203f attempting to get mentor preferences. req.params:
userID:undefined

21:02:41 ControllerMethods/Register/getMentorPreferences.js WARN: 5a8dd4bac1eb0f29ac6a203f attempting to get mentor preferences. req.params:
userID:undefined

21:02:41 ControllerMethods/Register/getMentorPreferences.js WARN: 5a8dd4bac1eb0f29ac6a203f attempting to get mentor preferences. req.params:
userID:undefined

21:02:45 ControllerMethods/Register/getMentorPreferences.js WARN: 5a8dd4bac1eb0f29ac6a203f attempting to get mentor preferences. req.params:
userID:undefined

21:02:45 ControllerMethods/Register/getMentorPreferences.js WARN: 5a8dd4bac1eb0f29ac6a203f attempting to get mentor preferences. req.params:
userID:undefined

21:03:01 ControllerMethods/Register/getMentorPreferences.js WARN: 5a8dd4bac1eb0f29ac6a203f attempting to get mentor preferences. req.params:
userID:undefined

21:03:01 ControllerMethods/Register/getMentorPreferences.js WARN: 5a8dd4bac1eb0f29ac6a203f attempting to get mentor preferences. req.params:
userID:undefined

21:03:09 ControllerMethods/Register/getMentorPreferences.js WARN: 5a8dd4bac1eb0f29ac6a203f attempting to get mentor preferences. req.params:
userID:undefined

21:03:09 ControllerMethods/Register/getMentorPreferences.js WARN: 5a8dd4bac1eb0f29ac6a203f attempting to get mentor preferences. req.params:
userID:undefined

21:03:14 ControllerMethods/Register/updateMentorPreferences.js INFO: reecekidd updated mentor preferences successfully: {
  "wouldLikeToMentor": "true",
  "areasOfInterest": [
    {
      "value": "Yoga",
      "years": 21,
      "areaOfInterestID": 0
    }
  ],
  "prefferedMentoringFormats": [
    "Online",
    "In person"
  ],
  "maximumTravelDistanceKM": "75",
  "languages": [
    "English",
    "Spanish",
    "German"
  ],
  "prefferedEducation": [
    "No education",
    "High School",
    "Certification",
    "Vocational",
    "Bachelors",
    "Masters",
    "PHD"
  ],
  "minimumAge": 16,
  "maximumAge": 20,
  "maxNumberOfMentees": 10
}

