07:09:07 ControllerMethods/Register/register.js ERROR:  {"firstName":{"location":"body","param":"firstName","msg":"First name can only contain Alphabetical characters","value":"Helen-Elizabeth"},"userName":{"location":"body","param":"userName","msg":"Username must be alphanumeric and cannot contain spaces","value":"Helen-ElizabethGlasspoole31"}}
07:10:22 ControllerMethods/Register/register.js ERROR:  {"firstName":{"location":"body","param":"firstName","msg":"First name can only contain Alphabetical characters","value":"Ann-Marie"},"userName":{"location":"body","param":"userName","msg":"Username must be alphanumeric and cannot contain spaces","value":"Ann-MarieGranell71"}}
07:11:07 ControllerMethods/Register/getUsersAge.js ERROR:  {"userID":{"location":"params","param":"userID","msg":"ID object should be a valid ObjectID ","value":"undefined"}}
07:11:07 ControllerMethods/Register/updateJobHistory.js ERROR: _id was not found in request
07:11:07 ControllerMethods/Register/getAreasOfInterest.js ERROR:  {"userID":{"location":"params","param":"userID","msg":"ID object should be a valid ObjectID ","value":"undefined"}}
07:11:07 ControllerMethods/Register/updateJobHistory.js ERROR: _id was not found in request
07:11:07 ControllerMethods/Register/updateEducation.js ERROR: _id was not found in request
07:11:09 ControllerMethods/Register/register.js ERROR:  {"firstName":{"location":"body","param":"firstName","msg":"First name can only contain Alphabetical characters","value":"Jo Ann"},"userName":{"location":"body","param":"userName","msg":"Username must be alphanumeric and cannot contain spaces","value":"Jo AnnSellis31"},"email":{"location":"body","param":"email","msg":"Invalid email","value":"Jo AnnSellis31@gmail.com"}}
07:11:17 ControllerMethods/Register/updateJobHistory.js ERROR: Experience titles can only contain letters, white space, commas, periods and ampersans
07:11:17 ControllerMethods/Register/updateJobHistory.js ERROR: Experience titles can only contain letters, white space, commas, periods and ampersans
07:11:52 ControllerMethods/Register/register.js ERROR:  {"firstName":{"location":"body","param":"firstName","msg":"First name can only contain Alphabetical characters","value":"Marie-Jeanne"},"userName":{"location":"body","param":"userName","msg":"Username must be alphanumeric and cannot contain spaces","value":"Marie-JeanneQueally11"}}
07:12:22 ControllerMethods/Register/register.js ERROR:  {"firstName":{"location":"body","param":"firstName","msg":"First name can only contain Alphabetical characters","value":"Barbara-Anne"},"userName":{"location":"body","param":"userName","msg":"Username must be alphanumeric and cannot contain spaces","value":"Barbara-AnneKeysor21"}}
07:12:23 ControllerMethods/Register/getUsersAge.js ERROR:  {"userID":{"location":"params","param":"userID","msg":"ID object should be a valid ObjectID ","value":"undefined"}}
07:12:23 ControllerMethods/Register/updateEducation.js ERROR: _id was not found in request
07:12:23 ControllerMethods/Register/updateJobHistory.js ERROR: _id was not found in request
07:12:23 ControllerMethods/Register/getAreasOfInterest.js ERROR:  {"userID":{"location":"params","param":"userID","msg":"ID object should be a valid ObjectID ","value":"undefined"}}
07:13:09 ControllerMethods/Register/getUsersAge.js ERROR:  {"userID":{"location":"params","param":"userID","msg":"ID object should be a valid ObjectID ","value":"undefined"}}
07:13:09 ControllerMethods/Register/updateEducation.js ERROR: _id was not found in request
07:13:09 ControllerMethods/Register/updateJobHistory.js ERROR: _id was not found in request
07:13:09 ControllerMethods/Register/getAreasOfInterest.js ERROR:  {"userID":{"location":"params","param":"userID","msg":"ID object should be a valid ObjectID ","value":"undefined"}}
07:13:09 ControllerMethods/Register/updateJobHistory.js ERROR: _id was not found in request
07:13:31 ControllerMethods/Register/updateJobHistory.js ERROR: Experience titles can only contain letters, white space, commas, periods and ampersans
07:13:31 ControllerMethods/Register/updateJobHistory.js ERROR: Experience titles can only contain letters, white space, commas, periods and ampersans
07:13:53 ControllerMethods/Register/getUsersAge.js ERROR:  {"userID":{"location":"params","param":"userID","msg":"ID object should be a valid ObjectID ","value":"undefined"}}
07:13:53 ControllerMethods/Register/updateEducation.js ERROR: _id was not found in request
07:13:53 ControllerMethods/Register/updateJobHistory.js ERROR: _id was not found in request
07:13:53 ControllerMethods/Register/getAreasOfInterest.js ERROR:  {"userID":{"location":"params","param":"userID","msg":"ID object should be a valid ObjectID ","value":"undefined"}}
07:14:23 ControllerMethods/Register/updateJobHistory.js ERROR: Experience titles can only contain letters, white space, commas, periods and ampersans
07:14:23 ControllerMethods/Register/updateJobHistory.js ERROR: Experience titles can only contain letters, white space, commas, periods and ampersans
07:14:23 ControllerMethods/Register/getUsersAge.js ERROR:  {"userID":{"location":"params","param":"userID","msg":"ID object should be a valid ObjectID ","value":"undefined"}}
07:14:23 ControllerMethods/Register/updateJobHistory.js ERROR: _id was not found in request
07:14:23 ControllerMethods/Register/updateEducation.js ERROR: _id was not found in request
07:14:23 ControllerMethods/Register/getAreasOfInterest.js ERROR:  {"userID":{"location":"params","param":"userID","msg":"ID object should be a valid ObjectID ","value":"undefined"}}
07:14:23 ControllerMethods/Register/updateJobHistory.js ERROR: _id was not found in request
07:14:56 ControllerMethods/Register/register.js ERROR:  {"firstName":{"location":"body","param":"firstName","msg":"First name can only contain Alphabetical characters","value":"Anna-Diane"},"userName":{"location":"body","param":"userName","msg":"Username must be alphanumeric and cannot contain spaces","value":"Anna-DianeGomezlopez91"}}
07:16:57 ControllerMethods/Register/getUsersAge.js ERROR:  {"userID":{"location":"params","param":"userID","msg":"ID object should be a valid ObjectID ","value":"undefined"}}
07:16:59 ControllerMethods/Register/updateEducation.js ERROR: _id was not found in request
07:16:59 ControllerMethods/Register/updateJobHistory.js ERROR: _id was not found in request
07:16:59 ControllerMethods/Register/getAreasOfInterest.js ERROR:  {"userID":{"location":"params","param":"userID","msg":"ID object should be a valid ObjectID ","value":"undefined"}}
07:17:00 ControllerMethods/Register/updateJobHistory.js ERROR: _id was not found in request
07:17:00 ControllerMethods/Register/updateJobHistory.js ERROR: _id was not found in request
07:25:44 ControllerMethods/Register/updateMentorPreferences.js ERROR: mentoringAreasOfInterest was not found in request
07:25:44 ControllerMethods/Register/updateMenteePreferences.js ERROR: mentoringLanguages was not found in request
07:26:09 ControllerMethods/Register/updateMenteePreferences.js ERROR: mentoringLanguages was not found in request
07:28:18 ControllerMethods/Register/updateMenteePreferences.js ERROR: mentoringLanguages was not found in request
07:28:35 ControllerMethods/Register/updateMenteePreferences.js ERROR: mentoringLanguages was not found in request
07:28:53 ControllerMethods/Register/updateMenteePreferences.js ERROR: mentoringLanguages was not found in request
07:29:20 ControllerMethods/Register/updateMenteePreferences.js ERROR: mentoringLanguages was not found in request
07:30:20 ControllerMethods/Register/updateMenteePreferences.js ERROR: mentoringLanguages was not found in request
07:33:00 ControllerMethods/Register/updateMenteePreferences.js ERROR: mentoringLanguages was not found in request
