12:14:52 ControllerMethods/Register/checkUserName.js ERROR: 
12:14:53 ControllerMethods/Register/checkUserName.js ERROR: 
12:14:53 ControllerMethods/Register/checkUserName.js ERROR: 
12:14:53 ControllerMethods/Register/checkUserName.js ERROR: 
12:14:53 ControllerMethods/Register/checkUserName.js ERROR: 
12:14:54 ControllerMethods/Register/checkUserName.js ERROR: 
12:14:54 ControllerMethods/Register/checkUserName.js ERROR: 
12:14:54 ControllerMethods/Register/checkUserName.js ERROR: 
12:14:55 ControllerMethods/Register/checkUserName.js ERROR: 
12:14:55 ControllerMethods/Register/checkUserName.js ERROR: 
12:14:56 ControllerMethods/Register/checkUserName.js ERROR: 
12:14:56 ControllerMethods/Register/checkUserName.js ERROR: 
12:14:56 ControllerMethods/Register/checkUserName.js ERROR: 
17:06:09 ControllerMethods/Register/updateMentorPreferences.js ERROR: Entered update mentor preferences.
userID:5a8da43527ece21e00da356d
userName:reecekidd
mentorPreferences:{"areasOfInterest":[{"value":"Yoga","years":21,"areaOfInterestID":0}],"prefferedMentoringFormats":["Online","In person"],"mentoringLanguages":["Online"],"prefferedEducation":["No education"],"minimumAge":"16","maximumAge":"20","maxNumberOfMentees":"10"}
17:08:10 ControllerMethods/Register/updateMentorPreferences.js ERROR: Entered update mentor preferences.
userID:5a8da43527ece21e00da356d
userName:reecekidd
mentorPreferences:{"areasOfInterest":[{"value":"Yoga","years":21,"areaOfInterestID":0}],"prefferedMentoringFormats":["Online","In person"],"maximumTravelDistanceKM":20,"mentoringLanguages":["Online"],"prefferedEducation":["No education"],"minimumAge":"16","maximumAge":"20","maxNumberOfMentees":"10"}
17:09:32 ControllerMethods/Register/updateMentorPreferences.js ERROR: Entered update mentor preferences.
userID:5a8da43527ece21e00da356d
userName:reecekidd
mentorPreferences:{"areasOfInterest":[{"value":"Yoga","years":21,"areaOfInterestID":0}],"prefferedMentoringFormats":["Online","In person"],"maximumTravelDistanceKM":20,"mentoringLanguages":["Online"],"prefferedEducation":["No education"],"minimumAge":"16","maximumAge":"20","maxNumberOfMentees":"10"}
17:09:55 ControllerMethods/Register/updateMentorPreferences.js ERROR: Entered update mentor preferences.
userID:5a8da43527ece21e00da356d
userName:reecekidd
mentorPreferences:{"areasOfInterest":[{"value":"Yoga","years":21,"areaOfInterestID":0}],"prefferedMentoringFormats":["Online","In person"],"maximumTravelDistanceKM":20,"mentoringLanguages":["Online"],"prefferedEducation":["No education"],"minimumAge":"16","maximumAge":"20","maxNumberOfMentees":"10"}
17:10:30 ControllerMethods/Register/updateMentorPreferences.js ERROR: Entered update mentor preferences.
userID:5a8da43527ece21e00da356d
userName:reecekidd
mentorPreferences:{
  "areasOfInterest": [
    {
      "value": "Yoga",
      "years": 21,
      "areaOfInterestID": 0
    }
  ],
  "prefferedMentoringFormats": [
    "Online",
    "In person"
  ],
  "maximumTravelDistanceKM": 20,
  "mentoringLanguages": [
    "Online"
  ],
  "prefferedEducation": [
    "No education"
  ],
  "minimumAge": "16",
  "maximumAge": "20",
  "maxNumberOfMentees": "10"
}
17:18:10 ControllerMethods/Register/updateMentorPreferences.js ERROR: Entered update mentor preferences.
userID:5a8da43527ece21e00da356d
userName:reecekidd
mentorPreferences:{
  "wouldLikeToMentor": "true",
  "areasOfInterest": [
    {
      "value": "Yoga",
      "years": 21,
      "areaOfInterestID": 0
    }
  ],
  "prefferedMentoringFormats": [
    "Online"
  ],
  "languages": [
    "English"
  ],
  "prefferedEducation": [
    "No education"
  ],
  "minimumAge": "16",
  "maximumAge": "20",
  "maxNumberOfMentees": "10"
}
17:21:48 ControllerMethods/Register/updateMentorPreferences.js ERROR: Entered update mentor preferences.
userID:5a8da43527ece21e00da356d
userName:reecekidd
mentorPreferences:{
  "wouldLikeToMentor": "true",
  "areasOfInterest": [
    {
      "value": "Yoga",
      "years": 21,
      "areaOfInterestID": 0
    }
  ],
  "prefferedMentoringFormats": [
    "Online"
  ],
  "maximumTravelDistanceKM": 20,
  "languages": [
    "English"
  ],
  "prefferedEducation": [
    "No education"
  ],
  "minimumAge": "16",
  "maximumAge": "20",
  "maxNumberOfMentees": "10"
}
17:22:27 ControllerMethods/Register/updateMentorPreferences.js ERROR: Entered update mentor preferences.
userID:5a8da43527ece21e00da356d
userName:reecekidd
mentorPreferences:{
  "wouldLikeToMentor": "true",
  "areasOfInterest": [
    {
      "areaOfInterestID": 0,
      "years": 21,
      "value": "Yoga"
    }
  ],
  "prefferedMentoringFormats": [
    "Online"
  ],
  "maximumTravelDistanceKM": 20,
  "languages": [
    "English"
  ],
  "prefferedEducation": [
    "No education"
  ],
  "minimumAge": 16,
  "maximumAge": 20,
  "maxNumberOfMentees": 10
}
17:22:53 ControllerMethods/Register/updateMentorPreferences.js ERROR: Entered update mentor preferences.
userID:5a8da43527ece21e00da356d
userName:reecekidd
mentorPreferences:{
  "wouldLikeToMentor": "true",
  "areasOfInterest": [
    {
      "value": "Yoga",
      "years": 21,
      "areaOfInterestID": 0
    }
  ],
  "prefferedMentoringFormats": [
    "Online"
  ],
  "maximumTravelDistanceKM": 20,
  "languages": [
    "English"
  ],
  "prefferedEducation": [
    "No education"
  ],
  "minimumAge": 16,
  "maximumAge": 20,
  "maxNumberOfMentees": 10
}
17:23:39 ControllerMethods/Register/updateMentorPreferences.js ERROR: Entered update mentor preferences.
userID:5a8da43527ece21e00da356d
userName:reecekidd
mentorPreferences:{
  "wouldLikeToMentor": "true",
  "areasOfInterest": [
    {
      "areaOfInterestID": 0,
      "years": 21,
      "value": "Yoga"
    }
  ],
  "prefferedMentoringFormats": [
    "Online"
  ],
  "maximumTravelDistanceKM": 20,
  "languages": [
    "English"
  ],
  "prefferedEducation": [
    "No education"
  ],
  "minimumAge": 16,
  "maximumAge": 20,
  "maxNumberOfMentees": 10
}
17:23:42 ControllerMethods/Register/updateMentorPreferences.js ERROR: Entered update mentor preferences.
userID:5a8da43527ece21e00da356d
userName:reecekidd
mentorPreferences:{
  "wouldLikeToMentor": "true",
  "areasOfInterest": [
    {
      "areaOfInterestID": 0,
      "years": 21,
      "value": "Yoga"
    }
  ],
  "prefferedMentoringFormats": [
    "Online"
  ],
  "maximumTravelDistanceKM": 20,
  "languages": [
    "English"
  ],
  "prefferedEducation": [
    "No education"
  ],
  "minimumAge": 16,
  "maximumAge": 20,
  "maxNumberOfMentees": 10
}
17:23:53 ControllerMethods/Register/updateMentorPreferences.js ERROR: Entered update mentor preferences.
userID:5a8da43527ece21e00da356d
userName:reecekidd
mentorPreferences:{
  "wouldLikeToMentor": "true",
  "areasOfInterest": [
    {
      "value": "Yoga",
      "years": 21,
      "areaOfInterestID": 0
    }
  ],
  "prefferedMentoringFormats": [
    "Online"
  ],
  "maximumTravelDistanceKM": 20,
  "languages": [
    "English"
  ],
  "prefferedEducation": [
    "No education"
  ],
  "minimumAge": 16,
  "maximumAge": 20,
  "maxNumberOfMentees": 10
}
17:24:30 ControllerMethods/Register/updateMentorPreferences.js ERROR: Entered update mentor preferences.
userID:5a8da43527ece21e00da356d
userName:reecekidd
mentorPreferences:{
  "wouldLikeToMentor": "true",
  "areasOfInterest": [
    {
      "value": "Rigby",
      "years": 10,
      "areaOfInterestID": 1
    }
  ],
  "prefferedMentoringFormats": [
    "Online"
  ],
  "maximumTravelDistanceKM": 20,
  "languages": [
    "English"
  ],
  "prefferedEducation": [
    "No education"
  ],
  "minimumAge": 16,
  "maximumAge": 20,
  "maxNumberOfMentees": 10
}
17:25:21 ControllerMethods/Register/updateMentorPreferences.js ERROR: Entered update mentor preferences.
userID:5a8da43527ece21e00da356d
userName:reecekidd
mentorPreferences:{
  "wouldLikeToMentor": "true",
  "areasOfInterest": [
    {
      "areaOfInterestID": 1,
      "years": 10,
      "value": "Rigby"
    }
  ],
  "prefferedMentoringFormats": [
    "Online"
  ],
  "maximumTravelDistanceKM": 20,
  "languages": [
    "English"
  ],
  "prefferedEducation": [
    "No education"
  ],
  "minimumAge": 16,
  "maximumAge": 20,
  "maxNumberOfMentees": 10
}
17:26:13 ControllerMethods/Register/updateMentorPreferences.js ERROR: Entered update mentor preferences.
userID:5a8da43527ece21e00da356d
userName:reecekidd
mentorPreferences:{
  "wouldLikeToMentor": "true",
  "areasOfInterest": [
    {
      "value": "Rigby",
      "years": 10,
      "areaOfInterestID": 1
    }
  ],
  "prefferedMentoringFormats": [
    "Online"
  ],
  "maximumTravelDistanceKM": 20,
  "languages": [
    "English"
  ],
  "prefferedEducation": [
    "No education"
  ],
  "minimumAge": 16,
  "maximumAge": 20,
  "maxNumberOfMentees": 10
}
17:26:28 ControllerMethods/Register/updateMentorPreferences.js ERROR: Entered update mentor preferences.
userID:5a8da43527ece21e00da356d
userName:reecekidd
mentorPreferences:{
  "wouldLikeToMentor": "true",
  "areasOfInterest": [
    {
      "areaOfInterestID": 1,
      "years": 10,
      "value": "Rigby"
    }
  ],
  "prefferedMentoringFormats": [
    "Online"
  ],
  "maximumTravelDistanceKM": 20,
  "languages": [
    "English"
  ],
  "prefferedEducation": [
    "No education"
  ],
  "minimumAge": 16,
  "maximumAge": 20,
  "maxNumberOfMentees": 10
}
17:27:06 ControllerMethods/Register/updateMentorPreferences.js ERROR: Entered update mentor preferences.
userID:5a8da43527ece21e00da356d
userName:reecekidd
mentorPreferences:{
  "wouldLikeToMentor": "true",
  "areasOfInterest": [
    {
      "value": "Rigby",
      "years": 10,
      "areaOfInterestID": 1
    }
  ],
  "prefferedMentoringFormats": [
    "Online"
  ],
  "maximumTravelDistanceKM": 20,
  "languages": [
    "English"
  ],
  "prefferedEducation": [
    "No education"
  ],
  "minimumAge": 16,
  "maximumAge": 20,
  "maxNumberOfMentees": 10
}
17:27:12 ControllerMethods/Register/updateMentorPreferences.js ERROR: Entered update mentor preferences.
userID:5a8da43527ece21e00da356d
userName:reecekidd
mentorPreferences:{
  "wouldLikeToMentor": "true",
  "areasOfInterest": [
    {
      "value": "Rigby",
      "years": 10,
      "areaOfInterestID": 1
    },
    {
      "value": "Yoga",
      "years": 21,
      "areaOfInterestID": 0
    }
  ],
  "prefferedMentoringFormats": [
    "Online"
  ],
  "maximumTravelDistanceKM": 20,
  "languages": [
    "English"
  ],
  "prefferedEducation": [
    "No education"
  ],
  "minimumAge": 16,
  "maximumAge": 20,
  "maxNumberOfMentees": 10
}
17:41:14 ControllerMethods/Register/updateMentorPreferences.js ERROR: Entered update mentor preferences.
userID:5a8da43527ece21e00da356d
userName:reecekidd
mentorPreferences:{
  "wouldLikeToMentor": "true",
  "areasOfInterest": [
    {
      "value": "Yoga",
      "years": 21,
      "areaOfInterestID": 0
    },
    {
      "value": "Rigby",
      "years": 10,
      "areaOfInterestID": 1
    },
    {
      "value": "Handball",
      "years": 12,
      "areaOfInterestID": 2
    }
  ],
  "prefferedMentoringFormats": [
    "Online"
  ],
  "maximumTravelDistanceKM": 20,
  "languages": [
    "English"
  ],
  "prefferedEducation": [
    "No education"
  ],
  "minimumAge": 16,
  "maximumAge": 20,
  "maxNumberOfMentees": 10
}
17:41:26 ControllerMethods/Register/updateMentorPreferences.js ERROR: Entered update mentor preferences.
userID:5a8da43527ece21e00da356d
userName:reecekidd
mentorPreferences:{
  "wouldLikeToMentor": "true",
  "areasOfInterest": [
    {
      "areaOfInterestID": 0,
      "years": 21,
      "value": "Yoga"
    },
    {
      "areaOfInterestID": 1,
      "years": 10,
      "value": "Rigby"
    },
    {
      "areaOfInterestID": 2,
      "years": 12,
      "value": "Handball"
    }
  ],
  "prefferedMentoringFormats": [
    "Online",
    "In person"
  ],
  "maximumTravelDistanceKM": 20,
  "languages": [
    "English"
  ],
  "prefferedEducation": [
    "No education"
  ],
  "minimumAge": 16,
  "maximumAge": 20,
  "maxNumberOfMentees": 10
}
18:48:27 ControllerMethods/Register/updateMentorPreferences.js ERROR: Entered update mentor preferences.
userID:5a8da43527ece21e00da356d
userName:reecekidd
mentorPreferences:{
  "wouldLikeToMentor": "true",
  "areasOfInterest": [
    {
      "value": "Yoga",
      "years": 21,
      "areaOfInterestID": 0
    },
    {
      "value": "Rigby",
      "years": 10,
      "areaOfInterestID": 1
    },
    {
      "value": "Handball",
      "years": 12,
      "areaOfInterestID": 2
    }
  ],
  "prefferedMentoringFormats": [
    "Online",
    "In person"
  ],
  "maximumTravelDistanceKM": 20,
  "languages": [
    "English"
  ],
  "prefferedEducation": [
    "No education"
  ],
  "minimumAge": 16,
  "maximumAge": 20,
  "maxNumberOfMentees": 10
}
18:48:39 ControllerMethods/Register/updateMentorPreferences.js ERROR: Entered update mentor preferences.
userID:5a8da43527ece21e00da356d
userName:reecekidd
mentorPreferences:{
  "wouldLikeToMentor": "true",
  "areasOfInterest": [
    {
      "value": "Yoga",
      "years": 21,
      "areaOfInterestID": 0
    },
    {
      "value": "Rigby",
      "years": 10,
      "areaOfInterestID": 1
    },
    {
      "value": "Handball",
      "years": 12,
      "areaOfInterestID": 2
    }
  ],
  "prefferedMentoringFormats": [
    "Online",
    "In person"
  ],
  "maximumTravelDistanceKM": 20,
  "languages": [
    "English"
  ],
  "prefferedEducation": [
    "No education"
  ],
  "minimumAge": 16,
  "maximumAge": 20,
  "maxNumberOfMentees": 10
}
