20:58:20 ControllerMethods/Register/updateMentorPreferences.js DEBUG: Entered update mentor preferences. req.body:
userID:5a8dd4bac1eb0f29ac6a203f
userName:reecekidd
mentorPreferences:{
  "wouldLikeToMentor": "true",
  "areasOfInterest": [
    {
      "value": "Yoga",
      "years": 21,
      "areaOfInterestID": 0
    }
  ],
  "prefferedMentoringFormats": [
    "Online",
    "In person"
  ],
  "maximumTravelDistanceKM": "50",
  "languages": [
    "English",
    "Spanish",
    "German"
  ],
  "prefferedEducation": [
    "No education",
    "High School",
    "Certification",
    "Vocational",
    "Bachelors",
    "Masters",
    "PHD"
  ],
  "minimumAge": 16,
  "maximumAge": 20,
  "maxNumberOfMentees": 10
}

20:58:20 ControllerMethods/Register/updateMentorPreferences.js ERROR: mentorPreferences object: {
areasOfInterest: [
  {
    "value": "Yoga",
    "years": 21,
    "areaOfInterestID": 0
  }
]
prefferedMentoringFormats: Online,In person
maximumTravelDistanceKM: 50
languages: English,Spanish,German
prefferedEducation: No education,High School,Certification,Vocational,Bachelors,Masters,PHD
maximumAge: 20
minimumAge: 16
maxNumberOfMentees: 10

20:58:20 ControllerMethods/Register/updateMentorPreferences.js INFO: reecekidd updated mentor preferences successfully: {
  "wouldLikeToMentor": "true",
  "areasOfInterest": [
    {
      "value": "Yoga",
      "years": 21,
      "areaOfInterestID": 0
    }
  ],
  "prefferedMentoringFormats": [
    "Online",
    "In person"
  ],
  "maximumTravelDistanceKM": "50",
  "languages": [
    "English",
    "Spanish",
    "German"
  ],
  "prefferedEducation": [
    "No education",
    "High School",
    "Certification",
    "Vocational",
    "Bachelors",
    "Masters",
    "PHD"
  ],
  "minimumAge": 16,
  "maximumAge": 20,
  "maxNumberOfMentees": 10
}

21:01:08 ControllerMethods/Register/getProfilePicture.js DEBUG: ::1 attempting to get profile picture with request {"userID":"5a8dd4bac1eb0f29ac6a203f"}

21:01:08 ControllerMethods/Register/getProfilePicture.js DEBUG: User: 5a8dd4bac1eb0f29ac6a203f retreived profile picture 5a8dd4bac1eb0f29ac6a203f.jpg

21:01:08 ControllerMethods/Register/getUserName.js DEBUG: undefined is attempting to get their user name with {"userID":"5a8dd4bac1eb0f29ac6a203f"}

21:01:08 ControllerMethods/Register/getAreasOfInterest.js DEBUG: ::1 attempting to get areas of interest with request {"userID":"5a8dd4bac1eb0f29ac6a203f"}

21:01:08 ControllerMethods/Register/getAreasOfInterestNames.js DEBUG: ::1 attempting to get areas of interest names with request {"userID":"5a8dd4bac1eb0f29ac6a203f"}

21:01:08 ControllerMethods/Register/getUserName.js DEBUG: reecekidd successfully retrieved username: reecekidd

21:01:08 ControllerMethods/Register/getAreasOfInterest.js DEBUG: reecekidd successfully retreived areas of interest: [{"value":"Yoga","years":21,"areaOfInterestID":0},{"value":"Rugby","years":3,"areaOfInterestID":1},{"value":"Programming","years":4,"areaOfInterestID":2}]

21:01:08 ControllerMethods/Register/getAreasOfInterestNames.js DEBUG: reecekidd successfully retreived areas of interest names: Yoga,Rugby,Programming

21:01:08 ControllerMethods/Register/getUserName.js DEBUG: undefined is attempting to get their user name with {"userID":"5a8dd4bac1eb0f29ac6a203f"}

21:01:08 ControllerMethods/Register/getAreasOfInterest.js DEBUG: ::1 attempting to get areas of interest with request {"userID":"5a8dd4bac1eb0f29ac6a203f"}

21:01:08 ControllerMethods/Register/getAreasOfInterestNames.js DEBUG: ::1 attempting to get areas of interest names with request {"userID":"5a8dd4bac1eb0f29ac6a203f"}

21:01:08 ControllerMethods/Register/getUserName.js DEBUG: reecekidd successfully retrieved username: reecekidd

21:01:08 ControllerMethods/Register/getAreasOfInterest.js DEBUG: reecekidd successfully retreived areas of interest: [{"value":"Yoga","years":21,"areaOfInterestID":0},{"value":"Rugby","years":3,"areaOfInterestID":1},{"value":"Programming","years":4,"areaOfInterestID":2}]

21:01:08 ControllerMethods/Register/getAreasOfInterestNames.js DEBUG: reecekidd successfully retreived areas of interest names: Yoga,Rugby,Programming

21:01:09 ControllerMethods/Register/getMentorPreferences.js WARN: 5a8dd4bac1eb0f29ac6a203f attempting to get mentor preferences. req.params:
userID:undefined

21:01:09 ControllerMethods/Register/getMentorPreferences.js DEBUG: reecekidd successfully retrieved mentor preferences: {"areasOfInterest":[{"areaOfInterestID":0,"years":21,"value":"Yoga"}],"prefferedMentoringFormats":["Online","In person"],"languages":["English","Spanish","German"],"prefferedEducation":["No education","High School","Certification","Vocational","Bachelors","Masters","PHD"],"wouldLikeToMentor":true,"maximumTravelDistanceKM":50,"minimumAge":16,"maximumAge":20,"maxNumberOfMentees":10}

21:01:09 ControllerMethods/Register/getMentorPreferences.js WARN: 5a8dd4bac1eb0f29ac6a203f attempting to get mentor preferences. req.params:
userID:undefined

21:01:09 ControllerMethods/Register/getMentorPreferences.js DEBUG: reecekidd successfully retrieved mentor preferences: {"areasOfInterest":[{"areaOfInterestID":0,"years":21,"value":"Yoga"}],"prefferedMentoringFormats":["Online","In person"],"languages":["English","Spanish","German"],"prefferedEducation":["No education","High School","Certification","Vocational","Bachelors","Masters","PHD"],"wouldLikeToMentor":true,"maximumTravelDistanceKM":50,"minimumAge":16,"maximumAge":20,"maxNumberOfMentees":10}

21:01:39 ControllerMethods/Register/getProfilePicture.js DEBUG: ::1 attempting to get profile picture with request {"userID":"5a8dd4bac1eb0f29ac6a203f"}

21:01:39 ControllerMethods/Register/getProfilePicture.js DEBUG: User: 5a8dd4bac1eb0f29ac6a203f retreived profile picture 5a8dd4bac1eb0f29ac6a203f.jpg

21:01:39 ControllerMethods/Register/getUserName.js DEBUG: undefined is attempting to get their user name with {"userID":"5a8dd4bac1eb0f29ac6a203f"}

21:01:39 ControllerMethods/Register/getAreasOfInterest.js DEBUG: ::1 attempting to get areas of interest with request {"userID":"5a8dd4bac1eb0f29ac6a203f"}

21:01:39 ControllerMethods/Register/getUserName.js DEBUG: reecekidd successfully retrieved username: reecekidd

21:01:39 ControllerMethods/Register/getAreasOfInterestNames.js DEBUG: ::1 attempting to get areas of interest names with request {"userID":"5a8dd4bac1eb0f29ac6a203f"}

21:01:39 ControllerMethods/Register/getAreasOfInterest.js DEBUG: reecekidd successfully retreived areas of interest: [{"value":"Yoga","years":21,"areaOfInterestID":0},{"value":"Rugby","years":3,"areaOfInterestID":1},{"value":"Programming","years":4,"areaOfInterestID":2}]

21:01:39 ControllerMethods/Register/getAreasOfInterestNames.js DEBUG: reecekidd successfully retreived areas of interest names: Yoga,Rugby,Programming

21:01:40 ControllerMethods/Register/getUserName.js DEBUG: undefined is attempting to get their user name with {"userID":"5a8dd4bac1eb0f29ac6a203f"}

21:01:40 ControllerMethods/Register/getAreasOfInterest.js DEBUG: ::1 attempting to get areas of interest with request {"userID":"5a8dd4bac1eb0f29ac6a203f"}

21:01:40 ControllerMethods/Register/getAreasOfInterestNames.js DEBUG: ::1 attempting to get areas of interest names with request {"userID":"5a8dd4bac1eb0f29ac6a203f"}

21:01:40 ControllerMethods/Register/getUserName.js DEBUG: reecekidd successfully retrieved username: reecekidd

21:01:40 ControllerMethods/Register/getAreasOfInterest.js DEBUG: reecekidd successfully retreived areas of interest: [{"value":"Yoga","years":21,"areaOfInterestID":0},{"value":"Rugby","years":3,"areaOfInterestID":1},{"value":"Programming","years":4,"areaOfInterestID":2}]

21:01:40 ControllerMethods/Register/getAreasOfInterestNames.js DEBUG: reecekidd successfully retreived areas of interest names: Yoga,Rugby,Programming

21:01:40 ControllerMethods/Register/getMentorPreferences.js WARN: 5a8dd4bac1eb0f29ac6a203f attempting to get mentor preferences. req.params:
userID:undefined

21:01:40 ControllerMethods/Register/getMentorPreferences.js DEBUG: reecekidd successfully retrieved mentor preferences: {
  "areasOfInterest": [
    {
      "areaOfInterestID": 0,
      "years": 21,
      "value": "Yoga"
    }
  ],
  "prefferedMentoringFormats": [
    "Online",
    "In person"
  ],
  "languages": [
    "English",
    "Spanish",
    "German"
  ],
  "prefferedEducation": [
    "No education",
    "High School",
    "Certification",
    "Vocational",
    "Bachelors",
    "Masters",
    "PHD"
  ],
  "wouldLikeToMentor": true,
  "maximumTravelDistanceKM": 50,
  "minimumAge": 16,
  "maximumAge": 20,
  "maxNumberOfMentees": 10
}

21:01:40 ControllerMethods/Register/getMentorPreferences.js WARN: 5a8dd4bac1eb0f29ac6a203f attempting to get mentor preferences. req.params:
userID:undefined

21:01:40 ControllerMethods/Register/getMentorPreferences.js DEBUG: reecekidd successfully retrieved mentor preferences: {
  "areasOfInterest": [
    {
      "areaOfInterestID": 0,
      "years": 21,
      "value": "Yoga"
    }
  ],
  "prefferedMentoringFormats": [
    "Online",
    "In person"
  ],
  "languages": [
    "English",
    "Spanish",
    "German"
  ],
  "prefferedEducation": [
    "No education",
    "High School",
    "Certification",
    "Vocational",
    "Bachelors",
    "Masters",
    "PHD"
  ],
  "wouldLikeToMentor": true,
  "maximumTravelDistanceKM": 50,
  "minimumAge": 16,
  "maximumAge": 20,
  "maxNumberOfMentees": 10
}

21:02:00 ControllerMethods/Register/getProfilePicture.js DEBUG: ::1 attempting to get profile picture with request {"userID":"5a8dd4bac1eb0f29ac6a203f"}

21:02:00 ControllerMethods/Register/getProfilePicture.js DEBUG: User: 5a8dd4bac1eb0f29ac6a203f retreived profile picture 5a8dd4bac1eb0f29ac6a203f.jpg

21:02:00 ControllerMethods/Register/getUserName.js DEBUG: undefined is attempting to get their user name with {"userID":"5a8dd4bac1eb0f29ac6a203f"}

21:02:00 ControllerMethods/Register/getUserName.js DEBUG: reecekidd successfully retrieved username: reecekidd

21:02:00 ControllerMethods/Register/getAreasOfInterest.js DEBUG: ::1 attempting to get areas of interest with request {"userID":"5a8dd4bac1eb0f29ac6a203f"}

21:02:00 ControllerMethods/Register/getAreasOfInterestNames.js DEBUG: ::1 attempting to get areas of interest names with request {"userID":"5a8dd4bac1eb0f29ac6a203f"}

21:02:00 ControllerMethods/Register/getAreasOfInterest.js DEBUG: reecekidd successfully retreived areas of interest: [{"value":"Yoga","years":21,"areaOfInterestID":0},{"value":"Rugby","years":3,"areaOfInterestID":1},{"value":"Programming","years":4,"areaOfInterestID":2}]

21:02:00 ControllerMethods/Register/getAreasOfInterestNames.js DEBUG: reecekidd successfully retreived areas of interest names: Yoga,Rugby,Programming

21:02:01 ControllerMethods/Register/getUserName.js DEBUG: undefined is attempting to get their user name with {"userID":"5a8dd4bac1eb0f29ac6a203f"}

21:02:01 ControllerMethods/Register/getAreasOfInterest.js DEBUG: ::1 attempting to get areas of interest with request {"userID":"5a8dd4bac1eb0f29ac6a203f"}

21:02:01 ControllerMethods/Register/getAreasOfInterestNames.js DEBUG: ::1 attempting to get areas of interest names with request {"userID":"5a8dd4bac1eb0f29ac6a203f"}

21:02:01 ControllerMethods/Register/getUserName.js DEBUG: reecekidd successfully retrieved username: reecekidd

21:02:01 ControllerMethods/Register/getAreasOfInterest.js DEBUG: reecekidd successfully retreived areas of interest: [{"value":"Yoga","years":21,"areaOfInterestID":0},{"value":"Rugby","years":3,"areaOfInterestID":1},{"value":"Programming","years":4,"areaOfInterestID":2}]

21:02:01 ControllerMethods/Register/getAreasOfInterestNames.js DEBUG: reecekidd successfully retreived areas of interest names: Yoga,Rugby,Programming

21:02:01 ControllerMethods/Register/getMentorPreferences.js WARN: 5a8dd4bac1eb0f29ac6a203f attempting to get mentor preferences. req.params:
userID:undefined

21:02:01 ControllerMethods/Register/getMentorPreferences.js DEBUG: reecekidd successfully retrieved mentor preferences: {
  "areasOfInterest": [
    {
      "areaOfInterestID": 0,
      "years": 21,
      "value": "Yoga"
    }
  ],
  "prefferedMentoringFormats": [
    "Online",
    "In person"
  ],
  "languages": [
    "English",
    "Spanish",
    "German"
  ],
  "prefferedEducation": [
    "No education",
    "High School",
    "Certification",
    "Vocational",
    "Bachelors",
    "Masters",
    "PHD"
  ],
  "wouldLikeToMentor": true,
  "maximumTravelDistanceKM": 50,
  "minimumAge": 16,
  "maximumAge": 20,
  "maxNumberOfMentees": 10
}

21:02:01 ControllerMethods/Register/getMentorPreferences.js WARN: 5a8dd4bac1eb0f29ac6a203f attempting to get mentor preferences. req.params:
userID:undefined

21:02:01 ControllerMethods/Register/getMentorPreferences.js DEBUG: reecekidd successfully retrieved mentor preferences: {
  "areasOfInterest": [
    {
      "areaOfInterestID": 0,
      "years": 21,
      "value": "Yoga"
    }
  ],
  "prefferedMentoringFormats": [
    "Online",
    "In person"
  ],
  "languages": [
    "English",
    "Spanish",
    "German"
  ],
  "prefferedEducation": [
    "No education",
    "High School",
    "Certification",
    "Vocational",
    "Bachelors",
    "Masters",
    "PHD"
  ],
  "wouldLikeToMentor": true,
  "maximumTravelDistanceKM": 50,
  "minimumAge": 16,
  "maximumAge": 20,
  "maxNumberOfMentees": 10
}

21:02:41 ControllerMethods/Register/getUserName.js DEBUG: undefined is attempting to get their user name with {"userID":"5a8dd4bac1eb0f29ac6a203f"}

21:02:41 ControllerMethods/Register/getAreasOfInterest.js DEBUG: ::1 attempting to get areas of interest with request {"userID":"5a8dd4bac1eb0f29ac6a203f"}

21:02:41 ControllerMethods/Register/getAreasOfInterestNames.js DEBUG: ::1 attempting to get areas of interest names with request {"userID":"5a8dd4bac1eb0f29ac6a203f"}

21:02:41 ControllerMethods/Register/getUserName.js DEBUG: reecekidd successfully retrieved username: reecekidd

21:02:41 ControllerMethods/Register/getAreasOfInterest.js DEBUG: reecekidd successfully retreived areas of interest: [{"value":"Yoga","years":21,"areaOfInterestID":0},{"value":"Rugby","years":3,"areaOfInterestID":1},{"value":"Programming","years":4,"areaOfInterestID":2}]

21:02:41 ControllerMethods/Register/getUserName.js DEBUG: undefined is attempting to get their user name with {"userID":"5a8dd4bac1eb0f29ac6a203f"}

21:02:41 ControllerMethods/Register/getAreasOfInterest.js DEBUG: ::1 attempting to get areas of interest with request {"userID":"5a8dd4bac1eb0f29ac6a203f"}

21:02:41 ControllerMethods/Register/getUserName.js DEBUG: reecekidd successfully retrieved username: reecekidd

21:02:41 ControllerMethods/Register/getAreasOfInterest.js DEBUG: reecekidd successfully retreived areas of interest: [{"value":"Yoga","years":21,"areaOfInterestID":0},{"value":"Rugby","years":3,"areaOfInterestID":1},{"value":"Programming","years":4,"areaOfInterestID":2}]

21:02:41 ControllerMethods/Register/getAreasOfInterestNames.js DEBUG: reecekidd successfully retreived areas of interest names: Yoga,Rugby,Programming

21:02:41 ControllerMethods/Register/getAreasOfInterestNames.js DEBUG: ::1 attempting to get areas of interest names with request {"userID":"5a8dd4bac1eb0f29ac6a203f"}

21:02:41 ControllerMethods/Register/getAreasOfInterestNames.js DEBUG: reecekidd successfully retreived areas of interest names: Yoga,Rugby,Programming

21:02:41 ControllerMethods/Register/getMentorPreferences.js WARN: 5a8dd4bac1eb0f29ac6a203f attempting to get mentor preferences. req.params:
userID:undefined

21:02:41 ControllerMethods/Register/getMentorPreferences.js DEBUG: reecekidd successfully retrieved mentor preferences: {
  "areasOfInterest": [
    {
      "areaOfInterestID": 0,
      "years": 21,
      "value": "Yoga"
    }
  ],
  "prefferedMentoringFormats": [
    "Online",
    "In person"
  ],
  "languages": [
    "English",
    "Spanish",
    "German"
  ],
  "prefferedEducation": [
    "No education",
    "High School",
    "Certification",
    "Vocational",
    "Bachelors",
    "Masters",
    "PHD"
  ],
  "wouldLikeToMentor": true,
  "maximumTravelDistanceKM": 50,
  "minimumAge": 16,
  "maximumAge": 20,
  "maxNumberOfMentees": 10
}

21:02:41 ControllerMethods/Register/getMentorPreferences.js WARN: 5a8dd4bac1eb0f29ac6a203f attempting to get mentor preferences. req.params:
userID:undefined

21:02:41 ControllerMethods/Register/getMentorPreferences.js DEBUG: reecekidd successfully retrieved mentor preferences: {
  "areasOfInterest": [
    {
      "areaOfInterestID": 0,
      "years": 21,
      "value": "Yoga"
    }
  ],
  "prefferedMentoringFormats": [
    "Online",
    "In person"
  ],
  "languages": [
    "English",
    "Spanish",
    "German"
  ],
  "prefferedEducation": [
    "No education",
    "High School",
    "Certification",
    "Vocational",
    "Bachelors",
    "Masters",
    "PHD"
  ],
  "wouldLikeToMentor": true,
  "maximumTravelDistanceKM": 50,
  "minimumAge": 16,
  "maximumAge": 20,
  "maxNumberOfMentees": 10
}

21:02:44 ControllerMethods/Register/getProfilePicture.js DEBUG: ::1 attempting to get profile picture with request {"userID":"5a8dd4bac1eb0f29ac6a203f"}

21:02:44 ControllerMethods/Register/getProfilePicture.js DEBUG: User: 5a8dd4bac1eb0f29ac6a203f retreived profile picture 5a8dd4bac1eb0f29ac6a203f.jpg

21:02:44 ControllerMethods/Register/getUserName.js DEBUG: undefined is attempting to get their user name with {"userID":"5a8dd4bac1eb0f29ac6a203f"}

21:02:44 ControllerMethods/Register/getAreasOfInterest.js DEBUG: ::1 attempting to get areas of interest with request {"userID":"5a8dd4bac1eb0f29ac6a203f"}

21:02:44 ControllerMethods/Register/getAreasOfInterestNames.js DEBUG: ::1 attempting to get areas of interest names with request {"userID":"5a8dd4bac1eb0f29ac6a203f"}

21:02:44 ControllerMethods/Register/getUserName.js DEBUG: reecekidd successfully retrieved username: reecekidd

21:02:44 ControllerMethods/Register/getAreasOfInterest.js DEBUG: reecekidd successfully retreived areas of interest: [{"value":"Yoga","years":21,"areaOfInterestID":0},{"value":"Rugby","years":3,"areaOfInterestID":1},{"value":"Programming","years":4,"areaOfInterestID":2}]

21:02:44 ControllerMethods/Register/getAreasOfInterestNames.js DEBUG: reecekidd successfully retreived areas of interest names: Yoga,Rugby,Programming

21:02:45 ControllerMethods/Register/getUserName.js DEBUG: undefined is attempting to get their user name with {"userID":"5a8dd4bac1eb0f29ac6a203f"}

21:02:45 ControllerMethods/Register/getAreasOfInterest.js DEBUG: ::1 attempting to get areas of interest with request {"userID":"5a8dd4bac1eb0f29ac6a203f"}

21:02:45 ControllerMethods/Register/getUserName.js DEBUG: reecekidd successfully retrieved username: reecekidd

21:02:45 ControllerMethods/Register/getAreasOfInterestNames.js DEBUG: ::1 attempting to get areas of interest names with request {"userID":"5a8dd4bac1eb0f29ac6a203f"}

21:02:45 ControllerMethods/Register/getAreasOfInterest.js DEBUG: reecekidd successfully retreived areas of interest: [{"value":"Yoga","years":21,"areaOfInterestID":0},{"value":"Rugby","years":3,"areaOfInterestID":1},{"value":"Programming","years":4,"areaOfInterestID":2}]

21:02:45 ControllerMethods/Register/getAreasOfInterestNames.js DEBUG: reecekidd successfully retreived areas of interest names: Yoga,Rugby,Programming

21:02:45 ControllerMethods/Register/getMentorPreferences.js WARN: 5a8dd4bac1eb0f29ac6a203f attempting to get mentor preferences. req.params:
userID:undefined

21:02:45 ControllerMethods/Register/getMentorPreferences.js DEBUG: reecekidd successfully retrieved mentor preferences: {
  "areasOfInterest": [
    {
      "areaOfInterestID": 0,
      "years": 21,
      "value": "Yoga"
    }
  ],
  "prefferedMentoringFormats": [
    "Online",
    "In person"
  ],
  "languages": [
    "English",
    "Spanish",
    "German"
  ],
  "prefferedEducation": [
    "No education",
    "High School",
    "Certification",
    "Vocational",
    "Bachelors",
    "Masters",
    "PHD"
  ],
  "wouldLikeToMentor": true,
  "maximumTravelDistanceKM": 50,
  "minimumAge": 16,
  "maximumAge": 20,
  "maxNumberOfMentees": 10
}

21:02:45 ControllerMethods/Register/getMentorPreferences.js WARN: 5a8dd4bac1eb0f29ac6a203f attempting to get mentor preferences. req.params:
userID:undefined

21:02:45 ControllerMethods/Register/getMentorPreferences.js DEBUG: reecekidd successfully retrieved mentor preferences: {
  "areasOfInterest": [
    {
      "areaOfInterestID": 0,
      "years": 21,
      "value": "Yoga"
    }
  ],
  "prefferedMentoringFormats": [
    "Online",
    "In person"
  ],
  "languages": [
    "English",
    "Spanish",
    "German"
  ],
  "prefferedEducation": [
    "No education",
    "High School",
    "Certification",
    "Vocational",
    "Bachelors",
    "Masters",
    "PHD"
  ],
  "wouldLikeToMentor": true,
  "maximumTravelDistanceKM": 50,
  "minimumAge": 16,
  "maximumAge": 20,
  "maxNumberOfMentees": 10
}

21:03:01 ControllerMethods/Register/getUserName.js DEBUG: undefined is attempting to get their user name with {"userID":"5a8dd4bac1eb0f29ac6a203f"}

21:03:01 ControllerMethods/Register/getAreasOfInterest.js DEBUG: ::1 attempting to get areas of interest with request {"userID":"5a8dd4bac1eb0f29ac6a203f"}

21:03:01 ControllerMethods/Register/getAreasOfInterestNames.js DEBUG: ::1 attempting to get areas of interest names with request {"userID":"5a8dd4bac1eb0f29ac6a203f"}

21:03:01 ControllerMethods/Register/getUserName.js DEBUG: reecekidd successfully retrieved username: reecekidd

21:03:01 ControllerMethods/Register/getAreasOfInterestNames.js DEBUG: reecekidd successfully retreived areas of interest names: Yoga,Rugby,Programming

21:03:01 ControllerMethods/Register/getAreasOfInterest.js DEBUG: reecekidd successfully retreived areas of interest: [{"value":"Yoga","years":21,"areaOfInterestID":0},{"value":"Rugby","years":3,"areaOfInterestID":1},{"value":"Programming","years":4,"areaOfInterestID":2}]

21:03:01 ControllerMethods/Register/getUserName.js DEBUG: undefined is attempting to get their user name with {"userID":"5a8dd4bac1eb0f29ac6a203f"}

21:03:01 ControllerMethods/Register/getAreasOfInterestNames.js DEBUG: ::1 attempting to get areas of interest names with request {"userID":"5a8dd4bac1eb0f29ac6a203f"}

21:03:01 ControllerMethods/Register/getAreasOfInterest.js DEBUG: ::1 attempting to get areas of interest with request {"userID":"5a8dd4bac1eb0f29ac6a203f"}

21:03:01 ControllerMethods/Register/getUserName.js DEBUG: reecekidd successfully retrieved username: reecekidd

21:03:01 ControllerMethods/Register/getAreasOfInterest.js DEBUG: reecekidd successfully retreived areas of interest: [{"value":"Yoga","years":21,"areaOfInterestID":0},{"value":"Rugby","years":3,"areaOfInterestID":1},{"value":"Programming","years":4,"areaOfInterestID":2}]

21:03:01 ControllerMethods/Register/getAreasOfInterestNames.js DEBUG: reecekidd successfully retreived areas of interest names: Yoga,Rugby,Programming

21:03:01 ControllerMethods/Register/getMentorPreferences.js WARN: 5a8dd4bac1eb0f29ac6a203f attempting to get mentor preferences. req.params:
userID:undefined

21:03:01 ControllerMethods/Register/getMentorPreferences.js DEBUG: reecekidd successfully retrieved mentor preferences: {
  "areasOfInterest": [
    {
      "areaOfInterestID": 0,
      "years": 21,
      "value": "Yoga"
    }
  ],
  "prefferedMentoringFormats": [
    "Online",
    "In person"
  ],
  "languages": [
    "English",
    "Spanish",
    "German"
  ],
  "prefferedEducation": [
    "No education",
    "High School",
    "Certification",
    "Vocational",
    "Bachelors",
    "Masters",
    "PHD"
  ],
  "wouldLikeToMentor": true,
  "maximumTravelDistanceKM": 50,
  "minimumAge": 16,
  "maximumAge": 20,
  "maxNumberOfMentees": 10
}

21:03:01 ControllerMethods/Register/getMentorPreferences.js WARN: 5a8dd4bac1eb0f29ac6a203f attempting to get mentor preferences. req.params:
userID:undefined

21:03:01 ControllerMethods/Register/getMentorPreferences.js DEBUG: reecekidd successfully retrieved mentor preferences: {
  "areasOfInterest": [
    {
      "areaOfInterestID": 0,
      "years": 21,
      "value": "Yoga"
    }
  ],
  "prefferedMentoringFormats": [
    "Online",
    "In person"
  ],
  "languages": [
    "English",
    "Spanish",
    "German"
  ],
  "prefferedEducation": [
    "No education",
    "High School",
    "Certification",
    "Vocational",
    "Bachelors",
    "Masters",
    "PHD"
  ],
  "wouldLikeToMentor": true,
  "maximumTravelDistanceKM": 50,
  "minimumAge": 16,
  "maximumAge": 20,
  "maxNumberOfMentees": 10
}

21:03:08 ControllerMethods/Register/getProfilePicture.js DEBUG: ::1 attempting to get profile picture with request {"userID":"5a8dd4bac1eb0f29ac6a203f"}

21:03:08 ControllerMethods/Register/getProfilePicture.js DEBUG: User: 5a8dd4bac1eb0f29ac6a203f retreived profile picture 5a8dd4bac1eb0f29ac6a203f.jpg

21:03:08 ControllerMethods/Register/getUserName.js DEBUG: undefined is attempting to get their user name with {"userID":"5a8dd4bac1eb0f29ac6a203f"}

21:03:08 ControllerMethods/Register/getUserName.js DEBUG: reecekidd successfully retrieved username: reecekidd

21:03:08 ControllerMethods/Register/getAreasOfInterest.js DEBUG: ::1 attempting to get areas of interest with request {"userID":"5a8dd4bac1eb0f29ac6a203f"}

21:03:08 ControllerMethods/Register/getAreasOfInterestNames.js DEBUG: ::1 attempting to get areas of interest names with request {"userID":"5a8dd4bac1eb0f29ac6a203f"}

21:03:08 ControllerMethods/Register/getAreasOfInterest.js DEBUG: reecekidd successfully retreived areas of interest: [{"value":"Yoga","years":21,"areaOfInterestID":0},{"value":"Rugby","years":3,"areaOfInterestID":1},{"value":"Programming","years":4,"areaOfInterestID":2}]

21:03:08 ControllerMethods/Register/getAreasOfInterestNames.js DEBUG: reecekidd successfully retreived areas of interest names: Yoga,Rugby,Programming

21:03:08 ControllerMethods/Register/getUserName.js DEBUG: undefined is attempting to get their user name with {"userID":"5a8dd4bac1eb0f29ac6a203f"}

21:03:08 ControllerMethods/Register/getAreasOfInterest.js DEBUG: ::1 attempting to get areas of interest with request {"userID":"5a8dd4bac1eb0f29ac6a203f"}

21:03:08 ControllerMethods/Register/getAreasOfInterestNames.js DEBUG: ::1 attempting to get areas of interest names with request {"userID":"5a8dd4bac1eb0f29ac6a203f"}

21:03:08 ControllerMethods/Register/getUserName.js DEBUG: reecekidd successfully retrieved username: reecekidd

21:03:08 ControllerMethods/Register/getAreasOfInterest.js DEBUG: reecekidd successfully retreived areas of interest: [{"value":"Yoga","years":21,"areaOfInterestID":0},{"value":"Rugby","years":3,"areaOfInterestID":1},{"value":"Programming","years":4,"areaOfInterestID":2}]

21:03:08 ControllerMethods/Register/getAreasOfInterestNames.js DEBUG: reecekidd successfully retreived areas of interest names: Yoga,Rugby,Programming

21:03:09 ControllerMethods/Register/getMentorPreferences.js WARN: 5a8dd4bac1eb0f29ac6a203f attempting to get mentor preferences. req.params:
userID:undefined

21:03:09 ControllerMethods/Register/getMentorPreferences.js DEBUG: reecekidd successfully retrieved mentor preferences: {
  "areasOfInterest": [
    {
      "areaOfInterestID": 0,
      "years": 21,
      "value": "Yoga"
    }
  ],
  "prefferedMentoringFormats": [
    "Online",
    "In person"
  ],
  "languages": [
    "English",
    "Spanish",
    "German"
  ],
  "prefferedEducation": [
    "No education",
    "High School",
    "Certification",
    "Vocational",
    "Bachelors",
    "Masters",
    "PHD"
  ],
  "wouldLikeToMentor": true,
  "maximumTravelDistanceKM": 50,
  "minimumAge": 16,
  "maximumAge": 20,
  "maxNumberOfMentees": 10
}

21:03:09 ControllerMethods/Register/getMentorPreferences.js WARN: 5a8dd4bac1eb0f29ac6a203f attempting to get mentor preferences. req.params:
userID:undefined

21:03:09 ControllerMethods/Register/getMentorPreferences.js DEBUG: reecekidd successfully retrieved mentor preferences: {
  "areasOfInterest": [
    {
      "areaOfInterestID": 0,
      "years": 21,
      "value": "Yoga"
    }
  ],
  "prefferedMentoringFormats": [
    "Online",
    "In person"
  ],
  "languages": [
    "English",
    "Spanish",
    "German"
  ],
  "prefferedEducation": [
    "No education",
    "High School",
    "Certification",
    "Vocational",
    "Bachelors",
    "Masters",
    "PHD"
  ],
  "wouldLikeToMentor": true,
  "maximumTravelDistanceKM": 50,
  "minimumAge": 16,
  "maximumAge": 20,
  "maxNumberOfMentees": 10
}

21:03:14 ControllerMethods/Register/updateMentorPreferences.js DEBUG: Entered update mentor preferences. req.body:
userID:5a8dd4bac1eb0f29ac6a203f
userName:reecekidd
mentorPreferences:{
  "wouldLikeToMentor": "true",
  "areasOfInterest": [
    {
      "value": "Yoga",
      "years": 21,
      "areaOfInterestID": 0
    }
  ],
  "prefferedMentoringFormats": [
    "Online",
    "In person"
  ],
  "maximumTravelDistanceKM": "75",
  "languages": [
    "English",
    "Spanish",
    "German"
  ],
  "prefferedEducation": [
    "No education",
    "High School",
    "Certification",
    "Vocational",
    "Bachelors",
    "Masters",
    "PHD"
  ],
  "minimumAge": 16,
  "maximumAge": 20,
  "maxNumberOfMentees": 10
}

21:03:14 ControllerMethods/Register/updateMentorPreferences.js DEBUG: mentorPreferences object: {
areasOfInterest: [
  {
    "value": "Yoga",
    "years": 21,
    "areaOfInterestID": 0
  }
]
prefferedMentoringFormats: Online,In person
maximumTravelDistanceKM: 75
languages: English,Spanish,German
prefferedEducation: No education,High School,Certification,Vocational,Bachelors,Masters,PHD
maximumAge: 20
minimumAge: 16
maxNumberOfMentees: 10

21:03:14 ControllerMethods/Register/updateMentorPreferences.js INFO: reecekidd updated mentor preferences successfully: {
  "wouldLikeToMentor": "true",
  "areasOfInterest": [
    {
      "value": "Yoga",
      "years": 21,
      "areaOfInterestID": 0
    }
  ],
  "prefferedMentoringFormats": [
    "Online",
    "In person"
  ],
  "maximumTravelDistanceKM": "75",
  "languages": [
    "English",
    "Spanish",
    "German"
  ],
  "prefferedEducation": [
    "No education",
    "High School",
    "Certification",
    "Vocational",
    "Bachelors",
    "Masters",
    "PHD"
  ],
  "minimumAge": 16,
  "maximumAge": 20,
  "maxNumberOfMentees": 10
}

