19:33:45 ControllerMethods/Register/getProfilePicture.js DEBUG: ::1 attempting to get profile picture with request {"userID":"5aa55e77badb71673cf79b29"}

19:33:45 ControllerMethods/Register/getProfilePicture.js DEBUG: User: 5aa55e77badb71673cf79b29 retreived profile picture 5aa55e77badb71673cf79b29.jpg

19:33:50 ControllerMethods/Register/getProfilePicture.js DEBUG: ::1 attempting to get profile picture with request {"userID":"5aa55e77badb71673cf79b29"}

19:33:50 ControllerMethods/Register/getProfilePicture.js DEBUG: User: 5aa55e77badb71673cf79b29 retreived profile picture 5aa55e77badb71673cf79b29.jpg

19:33:50 ControllerMethods/Register/getBasicRegistration.js DEBUG: ::1 attempting to get basic user details with request {"userID":"5aa55e77badb71673cf79b29"}

19:33:50 ControllerMethods/Register/getBasicRegistration.js DEBUG: Kajukaja successfully retrieved basic registration details:{ firstName: 'Kaja',
  lastName: 'Horn',
  userName: 'Kajukaja',
  email: 'kaja.hamburg@googlemail.com',
  age: 19 }

19:33:50 ControllerMethods/Register/getProfileCompleteness.js DEBUG: ::1 attempting to get profile completeness with request {"userID":"5aa55e77badb71673cf79b29"}

19:33:50 ControllerMethods/Register/getUserName.js WARN: 5aa55e77badb71673cf79b29 is attempting to get their user name with {"userID":"5aa55e77badb71673cf79b29"}

19:33:50 ControllerMethods/Register/getSocialMedia.js DEBUG: ::1 attempting to get social media with request {"userID":"5aa55e77badb71673cf79b29"}

19:33:50 ControllerMethods/Register/getAge.js DEBUG: ::1 attempting to get user age with {"userID":"5aa55e77badb71673cf79b29"}

19:33:50 ControllerMethods/Register/getAreasOfInterest.js DEBUG: ::1 attempting to get areas of interest with request {"userID":"5aa55e77badb71673cf79b29"}

19:33:50 ControllerMethods/Register/getProfileCompleteness.js DEBUG: Kajukaja successfully retrieved profile completeness: Social Media CompletetrueAreas of interest registration complete trueJob History Registration complete undefinedEducation Registration complete undefinedhasProfilePicture trueMentor settings complete trueMentee settings complere true

19:33:50 ControllerMethods/Register/getUserName.js WARN: Kajukaja successfully retrieved username: Kajukaja

19:33:50 ControllerMethods/Register/getEducationHistory.js DEBUG: ::1 attempting to get education history {"userID":"5aa55e77badb71673cf79b29"}

19:33:50 ControllerMethods/Register/getJobHistory.js DEBUG: ::1 attempting to get job history with request {"userID":"5aa55e77badb71673cf79b29"}

19:33:50 ControllerMethods/Register/getSocialMedia.js DEBUG: Kajukaja successfully retrieved social media information: facebook: facebook.com.kajainstagram: nulltwitter: nullsnapchat: nulllinkedIn: nullwebsite: nullmedium: nullyoutube: null

19:33:50 ControllerMethods/Register/getBasicRegistration.js DEBUG: ::1 attempting to get basic user details with request {"userID":"5aa55e77badb71673cf79b29"}

19:33:50 ControllerMethods/Register/getAge.js DEBUG: Kajukaja successfully retrieved age: 19

19:33:50 ControllerMethods/Register/getAreasOfInterestNames.js DEBUG: ::1 attempting to get areas of interest names with request {"userID":"5aa55e77badb71673cf79b29"}

19:33:50 ControllerMethods/Register/getBasicRegistration.js DEBUG: Kajukaja successfully retrieved basic registration details:{ firstName: 'Kaja',
  lastName: 'Horn',
  userName: 'Kajukaja',
  email: 'kaja.hamburg@googlemail.com',
  age: 19 }

19:33:50 ControllerMethods/Register/getAreasOfInterest.js DEBUG: Kajukaja successfully retreived areas of interest: [{"value":"Yoga","years":10,"areaOfInterestID":0},{"value":"Rugby","years":10,"areaOfInterestID":1},{"value":"Writing","years":10,"areaOfInterestID":2}]

19:33:50 ControllerMethods/Register/getJobHistory.js DEBUG: Kajukaja successfully retrieved job history: []

19:33:50 ControllerMethods/Register/getEducationHistory.js DEBUG: Kajukaja successfully retrieved education: []

19:33:50 ControllerMethods/Register/getAreasOfInterestNames.js DEBUG: Kajukaja successfully retreived areas of interest names: Yoga,Rugby,Writing

19:33:50 ControllerMethods/Register/getUserName.js WARN: 5aa55e77badb71673cf79b29 is attempting to get their user name with {"userID":"5aa55e77badb71673cf79b29"}

19:33:50 ControllerMethods/Register/getAge.js DEBUG: ::1 attempting to get user age with {"userID":"5aa55e77badb71673cf79b29"}

19:33:50 ControllerMethods/Register/getBasicRegistration.js DEBUG: ::1 attempting to get basic user details with request {"userID":"5aa55e77badb71673cf79b29"}

19:33:50 ControllerMethods/Register/getAreasOfInterest.js DEBUG: ::1 attempting to get areas of interest with request {"userID":"5aa55e77badb71673cf79b29"}

19:33:50 ControllerMethods/Register/getAreasOfInterestNames.js DEBUG: ::1 attempting to get areas of interest names with request {"userID":"5aa55e77badb71673cf79b29"}

19:33:50 ControllerMethods/Register/getUserName.js WARN: Kajukaja successfully retrieved username: Kajukaja

19:33:50 ControllerMethods/Register/getBasicRegistration.js DEBUG: Kajukaja successfully retrieved basic registration details:{ firstName: 'Kaja',
  lastName: 'Horn',
  userName: 'Kajukaja',
  email: 'kaja.hamburg@googlemail.com',
  age: 19 }

19:33:50 ControllerMethods/Register/getAge.js DEBUG: Kajukaja successfully retrieved age: 19

19:33:50 ControllerMethods/Register/getAreasOfInterest.js DEBUG: Kajukaja successfully retreived areas of interest: [{"value":"Yoga","years":10,"areaOfInterestID":0},{"value":"Rugby","years":10,"areaOfInterestID":1},{"value":"Writing","years":10,"areaOfInterestID":2}]

19:33:50 ControllerMethods/Register/getAreasOfInterestNames.js DEBUG: Kajukaja successfully retreived areas of interest names: Yoga,Rugby,Writing

19:33:50 ControllerMethods/Register/getUserName.js WARN: 5aa55e77badb71673cf79b29 is attempting to get their user name with {"userID":"5aa55e77badb71673cf79b29"}

19:33:50 ControllerMethods/Register/getAge.js DEBUG: ::1 attempting to get user age with {"userID":"5aa55e77badb71673cf79b29"}

19:33:50 ControllerMethods/Register/getAreasOfInterest.js DEBUG: ::1 attempting to get areas of interest with request {"userID":"5aa55e77badb71673cf79b29"}

19:33:50 ControllerMethods/Register/getUserName.js WARN: Kajukaja successfully retrieved username: Kajukaja

19:33:50 ControllerMethods/Register/getAreasOfInterest.js DEBUG: Kajukaja successfully retreived areas of interest: [{"value":"Yoga","years":10,"areaOfInterestID":0},{"value":"Rugby","years":10,"areaOfInterestID":1},{"value":"Writing","years":10,"areaOfInterestID":2}]

19:33:50 ControllerMethods/Register/getAge.js DEBUG: Kajukaja successfully retrieved age: 19

19:33:50 ControllerMethods/Register/getProfilePicture.js DEBUG: ::1 attempting to get profile picture with request {"userID":"5aa55e77badb71673cf79b29"}

19:33:50 ControllerMethods/Register/getProfilePicture.js DEBUG: User: 5aa55e77badb71673cf79b29 retreived profile picture 5aa55e77badb71673cf79b29.jpg

19:33:50 ControllerMethods/Register/getMentorSettings.js WARN: 5aa55e77badb71673cf79b29 attempting to get mentor settings.

19:33:50 ControllerMethods/Register/getMentorSettings.js DEBUG: Kajukaja successfully retrieved mentor settings: {
  "areasOfInterest": [
    {
      "areaOfInterestID": 0,
      "years": 10,
      "value": "Yoga"
    },
    {
      "areaOfInterestID": 1,
      "years": 10,
      "value": "Rugby"
    },
    {
      "areaOfInterestID": 2,
      "years": 10,
      "value": "Writing"
    }
  ],
  "prefferedMentoringFormats": [
    "Online",
    "In person"
  ],
  "languages": [
    "English",
    "Spanish",
    "German"
  ],
  "prefferedEducation": [
    "No education",
    "High School",
    "Certification",
    "Vocational",
    "Bachelors",
    "Masters",
    "PHD"
  ],
  "wouldLikeToMentor": true,
  "maximumTravelDistanceKM": 20,
  "minimumAge": 16,
  "maximumAge": 120,
  "maxNumberOfMentees": 10
}

19:33:50 ControllerMethods/Register/getMenteeSettings.js DEBUG: 5aa55e77badb71673cf79b29 attempting to get their mentee settings

19:33:50 ControllerMethods/Register/getMenteeSettings.js DEBUG: Kajukaja successfully retrieved mentee settings: {
  "areasOfInterest": [
    {
      "areaOfInterestID": 0,
      "years": 10,
      "value": "Yoga"
    },
    {
      "areaOfInterestID": 1,
      "years": 10,
      "value": "Rugby"
    },
    {
      "areaOfInterestID": 2,
      "years": 10,
      "value": "Writing"
    }
  ],
  "prefferedMentoringFormats": [
    "Online"
  ],
  "languages": [
    "English",
    "Spanish",
    "German"
  ],
  "prefferedEducation": [
    "No education",
    "High School",
    "Certification",
    "Vocational",
    "Bachelors",
    "Masters",
    "PHD"
  ],
  "wouldLikeAMentor": true,
  "maximumTravelDistanceKM": 20,
  "minimumAge": 16,
  "maximumAge": 120,
  "maxNumberOfMentors": 10
}

19:35:22 ControllerMethods/Register/getAge.js DEBUG: ::1 attempting to get user age with {"userID":"5aa55e77badb71673cf79b29"}

19:35:22 ControllerMethods/Register/getAreasOfInterest.js DEBUG: ::1 attempting to get areas of interest with request {"userID":"5aa55e77badb71673cf79b29"}

19:35:22 ControllerMethods/Register/getAge.js DEBUG: Kajukaja successfully retrieved age: 19

19:35:22 ControllerMethods/Register/getAreasOfInterest.js DEBUG: Kajukaja successfully retreived areas of interest: [{"value":"Yoga","years":10,"areaOfInterestID":0},{"value":"Rugby","years":10,"areaOfInterestID":1},{"value":"Writing","years":10,"areaOfInterestID":2}]

19:37:01 ControllerMethods/Register/getAge.js DEBUG: ::1 attempting to get user age with {"userID":"5aa55e77badb71673cf79b29"}

19:37:01 ControllerMethods/Register/getAreasOfInterest.js DEBUG: ::1 attempting to get areas of interest with request {"userID":"5aa55e77badb71673cf79b29"}

19:37:01 ControllerMethods/Register/getAge.js DEBUG: Kajukaja successfully retrieved age: 19

19:37:01 ControllerMethods/Register/getAreasOfInterest.js DEBUG: Kajukaja successfully retreived areas of interest: [{"value":"Yoga","years":10,"areaOfInterestID":0},{"value":"Rugby","years":10,"areaOfInterestID":1},{"value":"Writing","years":10,"areaOfInterestID":2}]

19:37:38 ControllerMethods/Register/getAge.js DEBUG: ::1 attempting to get user age with {"userID":"5aa55e77badb71673cf79b29"}

19:37:38 ControllerMethods/Register/getAge.js DEBUG: Kajukaja successfully retrieved age: 19

19:37:38 ControllerMethods/Register/getAreasOfInterest.js DEBUG: ::1 attempting to get areas of interest with request {"userID":"5aa55e77badb71673cf79b29"}

19:37:38 ControllerMethods/Register/getAreasOfInterest.js DEBUG: Kajukaja successfully retreived areas of interest: [{"value":"Yoga","years":10,"areaOfInterestID":0},{"value":"Rugby","years":10,"areaOfInterestID":1},{"value":"Writing","years":10,"areaOfInterestID":2}]

19:39:42 ControllerMethods/Register/getAge.js DEBUG: ::1 attempting to get user age with {"userID":"5aa55e77badb71673cf79b29"}

19:39:42 ControllerMethods/Register/getAreasOfInterest.js DEBUG: ::1 attempting to get areas of interest with request {"userID":"5aa55e77badb71673cf79b29"}

19:39:42 ControllerMethods/Register/getAge.js DEBUG: Kajukaja successfully retrieved age: 19

19:39:42 ControllerMethods/Register/getAreasOfInterest.js DEBUG: Kajukaja successfully retreived areas of interest: [{"value":"Yoga","years":10,"areaOfInterestID":0},{"value":"Rugby","years":10,"areaOfInterestID":1},{"value":"Writing","years":10,"areaOfInterestID":2}]

19:40:03 ControllerMethods/Register/getAge.js DEBUG: ::1 attempting to get user age with {"userID":"5aa55e77badb71673cf79b29"}

19:40:03 ControllerMethods/Register/getAge.js DEBUG: Kajukaja successfully retrieved age: 19

19:40:03 ControllerMethods/Register/getAreasOfInterest.js DEBUG: ::1 attempting to get areas of interest with request {"userID":"5aa55e77badb71673cf79b29"}

19:40:03 ControllerMethods/Register/getAreasOfInterest.js DEBUG: Kajukaja successfully retreived areas of interest: [{"value":"Yoga","years":10,"areaOfInterestID":0},{"value":"Rugby","years":10,"areaOfInterestID":1},{"value":"Writing","years":10,"areaOfInterestID":2}]

19:41:33 ControllerMethods/Register/getAge.js DEBUG: ::1 attempting to get user age with {"userID":"5aa55e77badb71673cf79b29"}

19:41:33 ControllerMethods/Register/getAreasOfInterest.js DEBUG: ::1 attempting to get areas of interest with request {"userID":"5aa55e77badb71673cf79b29"}

19:41:33 ControllerMethods/Register/getAge.js DEBUG: Kajukaja successfully retrieved age: 19

19:41:33 ControllerMethods/Register/getAreasOfInterest.js DEBUG: Kajukaja successfully retreived areas of interest: [{"value":"Yoga","years":10,"areaOfInterestID":0},{"value":"Rugby","years":10,"areaOfInterestID":1},{"value":"Writing","years":10,"areaOfInterestID":2}]

19:42:29 ControllerMethods/Register/getAge.js DEBUG: ::1 attempting to get user age with {"userID":"5aa55e77badb71673cf79b29"}

19:42:29 ControllerMethods/Register/getAreasOfInterest.js DEBUG: ::1 attempting to get areas of interest with request {"userID":"5aa55e77badb71673cf79b29"}

19:42:29 ControllerMethods/Register/getAge.js DEBUG: Kajukaja successfully retrieved age: 19

19:42:29 ControllerMethods/Register/getAreasOfInterest.js DEBUG: Kajukaja successfully retreived areas of interest: [{"value":"Yoga","years":10,"areaOfInterestID":0},{"value":"Rugby","years":10,"areaOfInterestID":1},{"value":"Writing","years":10,"areaOfInterestID":2}]

19:42:46 ControllerMethods/Register/getAge.js DEBUG: ::1 attempting to get user age with {"userID":"5aa55e77badb71673cf79b29"}

19:42:46 ControllerMethods/Register/getAge.js DEBUG: Kajukaja successfully retrieved age: 19

19:42:46 ControllerMethods/Register/getAreasOfInterest.js DEBUG: ::1 attempting to get areas of interest with request {"userID":"5aa55e77badb71673cf79b29"}

19:42:46 ControllerMethods/Register/getAreasOfInterest.js DEBUG: Kajukaja successfully retreived areas of interest: [{"value":"Yoga","years":10,"areaOfInterestID":0},{"value":"Rugby","years":10,"areaOfInterestID":1},{"value":"Writing","years":10,"areaOfInterestID":2}]

19:43:20 ControllerMethods/Register/getAge.js DEBUG: ::1 attempting to get user age with {"userID":"5aa55e77badb71673cf79b29"}

19:43:20 ControllerMethods/Register/getAge.js DEBUG: Kajukaja successfully retrieved age: 19

19:43:20 ControllerMethods/Register/getAreasOfInterest.js DEBUG: ::1 attempting to get areas of interest with request {"userID":"5aa55e77badb71673cf79b29"}

19:43:20 ControllerMethods/Register/getAreasOfInterest.js DEBUG: Kajukaja successfully retreived areas of interest: [{"value":"Yoga","years":10,"areaOfInterestID":0},{"value":"Rugby","years":10,"areaOfInterestID":1},{"value":"Writing","years":10,"areaOfInterestID":2}]

19:43:50 ControllerMethods/Register/getAge.js DEBUG: ::1 attempting to get user age with {"userID":"5aa55e77badb71673cf79b29"}

19:43:50 ControllerMethods/Register/getAge.js DEBUG: Kajukaja successfully retrieved age: 19

19:43:50 ControllerMethods/Register/getAreasOfInterest.js DEBUG: ::1 attempting to get areas of interest with request {"userID":"5aa55e77badb71673cf79b29"}

19:43:50 ControllerMethods/Register/getAreasOfInterest.js DEBUG: Kajukaja successfully retreived areas of interest: [{"value":"Yoga","years":10,"areaOfInterestID":0},{"value":"Rugby","years":10,"areaOfInterestID":1},{"value":"Writing","years":10,"areaOfInterestID":2}]

19:43:56 ControllerMethods/Register/getAge.js DEBUG: ::1 attempting to get user age with {"userID":"5aa55e77badb71673cf79b29"}

19:43:56 ControllerMethods/Register/getAge.js DEBUG: Kajukaja successfully retrieved age: 19

19:43:56 ControllerMethods/Register/getAreasOfInterest.js DEBUG: ::1 attempting to get areas of interest with request {"userID":"5aa55e77badb71673cf79b29"}

19:43:56 ControllerMethods/Register/getAreasOfInterest.js DEBUG: Kajukaja successfully retreived areas of interest: [{"value":"Yoga","years":10,"areaOfInterestID":0},{"value":"Rugby","years":10,"areaOfInterestID":1},{"value":"Writing","years":10,"areaOfInterestID":2}]

19:45:50 ControllerMethods/Register/getAge.js DEBUG: ::1 attempting to get user age with {"userID":"5aa55e77badb71673cf79b29"}

19:45:50 ControllerMethods/Register/getAge.js DEBUG: Kajukaja successfully retrieved age: 19

19:45:50 ControllerMethods/Register/getAreasOfInterest.js DEBUG: ::1 attempting to get areas of interest with request {"userID":"5aa55e77badb71673cf79b29"}

19:45:50 ControllerMethods/Register/getAreasOfInterest.js DEBUG: Kajukaja successfully retreived areas of interest: [{"value":"Yoga","years":10,"areaOfInterestID":0},{"value":"Rugby","years":10,"areaOfInterestID":1},{"value":"Writing","years":10,"areaOfInterestID":2}]

19:46:17 ControllerMethods/Register/getAge.js DEBUG: ::1 attempting to get user age with {"userID":"5aa55e77badb71673cf79b29"}

19:46:17 ControllerMethods/Register/getAge.js DEBUG: Kajukaja successfully retrieved age: 19

19:46:17 ControllerMethods/Register/getAreasOfInterest.js DEBUG: ::1 attempting to get areas of interest with request {"userID":"5aa55e77badb71673cf79b29"}

19:46:17 ControllerMethods/Register/getAreasOfInterest.js DEBUG: Kajukaja successfully retreived areas of interest: [{"value":"Yoga","years":10,"areaOfInterestID":0},{"value":"Rugby","years":10,"areaOfInterestID":1},{"value":"Writing","years":10,"areaOfInterestID":2}]

19:46:31 ControllerMethods/Register/updateAreasOfInterest.js DEBUG: ::1 attempting to update areas of interest with request {"areasOfInterest":[{"value":"Yoga","years":10,"areaOfInterestID":0},{"value":"Rugby","years":10,"areaOfInterestID":1},{"value":"Writing","years":10,"areaOfInterestID":2}],"_id":"5aa55e77badb71673cf79b29","age":19}

19:46:31 ControllerMethods/Register/updateAreasOfInterest.js INFO: Kajukaja updated areasOfInterest successfully: [{"value":"Yoga","years":10,"areaOfInterestID":0,"numberOfLikes":0,"numberOfLinksClicked":0,"articlesRead":0,"videosWatched":0,"pathsStudied":0},{"value":"Rugby","years":10,"areaOfInterestID":1,"numberOfLikes":0,"numberOfLinksClicked":0,"articlesRead":0,"videosWatched":0,"pathsStudied":0},{"value":"Writing","years":10,"areaOfInterestID":2,"numberOfLikes":0,"numberOfLinksClicked":0,"articlesRead":0,"videosWatched":0,"pathsStudied":0}]

